32 6 30 14 25 5 5 13 31 17 18 22 12 27 13 12 14 12 24 16 20 8 21 28 25 27 10 4 16 28 12 7 31 31 18 15 3 20 25 24 
32 6 30 14 25 5 5 13 31 17 18 22 12 27 13 12 14 12 24 16 20 8 21 28 25 27 10 4 16 28 12 7 31 31 18 15 3 20 25 24 
32 6 30 14 25 5 5 13 31 17 18 22 12 27 13 12 14 12 24 16 20 8 21 28 25 27 10 4 16 28 12 7 31 31 18 15 3 20 25 24 
39 23 32 39 28 16 22 28 40 24 28 28 26 30 39 17 15 14 35 16 20 11 23 35 29 38 16 7 23 45 12 10 32 34 18 23 5 25 25 36 
30 22 25 25 24 13 21 23 38 20 28 14 26 12 27 17 4 7 31 16 20 9 7 23 23 32 10 7 22 43 10 8 28 12 7 17 3 23 13 33 
38 24 39 27 25 14 28 24 50 20 28 14 35 13 27 18 4 9 31 16 23 18 25 24 28 32 10 8 23 45 16 11 46 12 7 18 3 24 29 33 
38 31 61 33 31 14 28 24 63 28 46 15 36 27 33 20 5 12 49 16 28 30 25 29 32 38 25 9 26 48 21 14 46 27 7 18 4 32 36 34 
38 31 61 33 31 14 28 24 63 28 46 15 36 27 33 20 5 12 49 16 28 30 25 29 32 38 25 9 26 48 21 14 46 27 7 18 4 32 36 34 
38 31 61 33 31 14 28 24 63 28 46 15 36 27 33 20 5 12 49 16 28 30 25 29 32 38 25 9 26 48 21 14 46 27 7 18 4 32 36 34 
38 31 61 33 31 14 28 24 63 28 46 15 36 27 33 20 5 12 49 16 28 30 25 29 32 38 25 9 26 48 21 14 46 27 7 18 4 32 36 34 
48 32 78 37 36 21 35 43 64 28 52 18 36 35 48 27 22 18 50 21 42 41 36 36 40 43 36 17 30 54 23 21 55 42 7 28 4 32 37 38 
33 14 79 48 38 27 33 39 91 19 57 21 33 34 39 31 20 15 48 16 52 46 33 30 46 39 38 18 30 62 8 15 73 32 12 10 9 29 49 38 
33 14 79 48 38 27 33 39 91 19 57 21 33 34 39 31 20 15 48 16 52 46 33 30 46 39 38 18 30 62 8 15 73 32 12 10 9 29 49 38 
33 14 79 48 38 27 33 39 91 19 57 21 33 34 39 31 20 15 48 16 52 46 33 30 46 39 38 18 30 62 8 15 73 32 12 10 9 29 49 38 
33 14 79 48 38 27 33 39 91 19 57 21 33 34 39 31 20 15 48 16 52 46 33 30 46 39 38 18 30 62 8 15 73 32 12 10 9 29 49 38 
34 26 89 51 51 28 54 41 91 21 60 34 38 35 42 36 20 19 66 34 65 46 57 34 55 49 54 21 39 73 18 23 73 32 13 10 25 29 54 47 
57 9 73 61 50 27 36 29 79 23 43 34 33 37 51 35 21 11 84 33 52 33 55 34 67 61 61 23 42 85 26 24 78 46 8 11 16 21 55 58 
74 10 75 69 50 28 37 34 80 33 44 40 43 44 57 36 35 16 91 35 61 35 60 52 94 65 73 34 67 86 34 40 80 51 10 27 16 37 67 58 
74 10 75 69 50 28 37 34 80 33 44 40 43 44 57 36 35 16 91 35 61 35 60 52 94 65 73 34 67 86 34 40 80 51 10 27 16 37 67 58 
74 10 75 69 50 28 37 34 80 33 44 40 43 44 57 36 35 16 91 35 61 35 60 52 94 65 73 34 67 86 34 40 80 51 10 27 16 37 67 58 
72 22 68 61 59 27 34 35 93 26 39 41 44 41 48 42 37 13 101 42 62 14 55 41 87 73 60 26 70 88 38 41 77 40 11 29 12 27 67 59 
